{"numFailedTestSuites":0,"numFailedTests":0,"numPassedTestSuites":1,"numPassedTests":4,"numPendingTestSuites":0,"numPendingTests":0,"numRuntimeErrorTestSuites":0,"numTodoTests":0,"numTotalTestSuites":1,"numTotalTests":4,"openHandles":[],"snapshot":{"added":0,"didUpdate":false,"failure":false,"filesAdded":0,"filesRemoved":0,"filesRemovedList":[],"filesUnmatched":0,"filesUpdated":0,"matched":0,"total":0,"unchecked":0,"uncheckedKeysByFile":[],"unmatched":0,"updated":0},"startTime":1634311857997,"success":true,"testResults":[{"assertionResults":[{"ancestorTitles":[""],"failureMessages":[],"fullName":" Primary","location":null,"status":"passed","title":"Primary"},{"ancestorTitles":[""],"failureMessages":[],"fullName":" Secondary","location":null,"status":"passed","title":"Secondary"},{"ancestorTitles":[""],"failureMessages":[],"fullName":" Large","location":null,"status":"passed","title":"Large"},{"ancestorTitles":[""],"failureMessages":[],"fullName":" Small","location":null,"status":"passed","title":"Small"}],"endTime":1634311861730,"message":"","name":"C:\\vs\\rkt\\jestTest2\\stories\\Button.spec.jsx","startTime":1634311859625,"status":"passed","summary":""}],"wasInterrupted":false}